2024-04-01 22:08:55.531 -06:00 [INF] User profile is available. Using 'C:\Users\alexa\AppData\Local\ASP.NET\DataProtection-Keys' as key repository and Windows DPAPI to encrypt keys at rest.
2024-04-01 22:08:57.134 -06:00 [INF] Now listening on: http://localhost:5024
2024-04-01 22:08:57.334 -06:00 [INF] Application started. Press Ctrl+C to shut down.
2024-04-01 22:08:57.696 -06:00 [INF] Hosting environment: Development
2024-04-01 22:08:57.860 -06:00 [INF] Content root path: C:\Users\alexa\Documents\ProjectNFTs\ProjectNFTs\ProjectNFTs.Web
2024-04-01 22:09:05.285 -06:00 [INF] Request starting HTTP/1.1 GET http://localhost:5024/ - null null
2024-04-01 22:09:10.874 -06:00 [INF] Executing endpoint 'ProjectNFTs.Web.Controllers.HomeController.Index (ProjectNFTs.Web)'
2024-04-01 22:09:11.269 -06:00 [INF] Route matched with {action = "Index", controller = "Home"}. Executing controller action with signature Microsoft.AspNetCore.Mvc.IActionResult Index() on controller ProjectNFTs.Web.Controllers.HomeController (ProjectNFTs.Web).
2024-04-01 22:09:11.337 -06:00 [INF] Executing ViewResult, running view Index.
2024-04-01 22:09:12.267 -06:00 [INF] Executed ViewResult - view Index executed in 935.5037ms.
2024-04-01 22:09:12.623 -06:00 [INF] Request starting HTTP/1.1 GET http://localhost:5024/lib/bootstrap/dist/css/bootstrap.min.css - null null
2024-04-01 22:09:14.573 -06:00 [INF] Executed action ProjectNFTs.Web.Controllers.HomeController.Index (ProjectNFTs.Web) in 3268.8779ms
2024-04-01 22:09:14.580 -06:00 [INF] Executed endpoint 'ProjectNFTs.Web.Controllers.HomeController.Index (ProjectNFTs.Web)'
2024-04-01 22:09:12.623 -06:00 [INF] Request starting HTTP/1.1 GET http://localhost:5024/css/site.css?v=BkJCMqLwPuWkTV4ykbdVH20sxBMVS_eOoOUYX0tjIIA - null null
2024-04-01 22:09:12.629 -06:00 [INF] Request starting HTTP/1.1 GET http://localhost:5024/ProjectNFTs.Web.styles.css?v=XBcsh37MSG7mUnswB0_H--UdFX9DqC97XNEneDnv5fI - null null
2024-04-01 22:09:14.598 -06:00 [INF] Request finished HTTP/1.1 GET http://localhost:5024/ - 200 null text/html; charset=utf-8 9324.026ms
2024-04-01 22:09:14.661 -06:00 [INF] Request starting HTTP/1.1 GET http://localhost:5024/_framework/aspnetcore-browser-refresh.js - null null
2024-04-01 22:09:14.693 -06:00 [INF] The file /ProjectNFTs.Web.styles.css was not modified
2024-04-01 22:09:14.693 -06:00 [INF] The file /lib/bootstrap/dist/css/bootstrap.min.css was not modified
2024-04-01 22:09:14.715 -06:00 [INF] Request finished HTTP/1.1 GET http://localhost:5024/lib/bootstrap/dist/css/bootstrap.min.css - 304 null text/css 2092.1839ms
2024-04-01 22:09:14.725 -06:00 [INF] Request starting HTTP/1.1 GET http://localhost:5024/lib/jquery/dist/jquery.min.js - null null
2024-04-01 22:09:14.693 -06:00 [INF] The file /css/site.css was not modified
2024-04-01 22:09:14.706 -06:00 [INF] Request finished HTTP/1.1 GET http://localhost:5024/ProjectNFTs.Web.styles.css?v=XBcsh37MSG7mUnswB0_H--UdFX9DqC97XNEneDnv5fI - 304 null text/css 2076.617ms
2024-04-01 22:09:14.727 -06:00 [INF] Request finished HTTP/1.1 GET http://localhost:5024/_framework/aspnetcore-browser-refresh.js - 200 13766 application/javascript; charset=utf-8 65.8713ms
2024-04-01 22:09:14.733 -06:00 [INF] Request finished HTTP/1.1 GET http://localhost:5024/css/site.css?v=BkJCMqLwPuWkTV4ykbdVH20sxBMVS_eOoOUYX0tjIIA - 304 null text/css 2110.37ms
2024-04-01 22:09:14.734 -06:00 [INF] The file /lib/jquery/dist/jquery.min.js was not modified
2024-04-01 22:09:14.746 -06:00 [INF] Request starting HTTP/1.1 GET http://localhost:5024/lib/bootstrap/dist/js/bootstrap.bundle.min.js - null null
2024-04-01 22:09:14.790 -06:00 [INF] Request starting HTTP/1.1 GET http://localhost:5024/js/site.js?v=hRQyftXiu1lLX2P9Ly9xa4gHJgLeR1uGN5qegUobtGo - null null
2024-04-01 22:09:14.797 -06:00 [INF] Request starting HTTP/1.1 GET http://localhost:5024/_vs/browserLink - null null
2024-04-01 22:09:14.801 -06:00 [INF] Request finished HTTP/1.1 GET http://localhost:5024/lib/jquery/dist/jquery.min.js - 304 null text/javascript 75.8515ms
2024-04-01 22:09:14.806 -06:00 [INF] The file /lib/bootstrap/dist/js/bootstrap.bundle.min.js was not modified
2024-04-01 22:09:14.815 -06:00 [INF] The file /js/site.js was not modified
2024-04-01 22:09:14.833 -06:00 [INF] Request finished HTTP/1.1 GET http://localhost:5024/lib/bootstrap/dist/js/bootstrap.bundle.min.js - 304 null text/javascript 87.1496ms
2024-04-01 22:09:14.836 -06:00 [INF] Request finished HTTP/1.1 GET http://localhost:5024/js/site.js?v=hRQyftXiu1lLX2P9Ly9xa4gHJgLeR1uGN5qegUobtGo - 304 null text/javascript 45.9685ms
2024-04-01 22:09:15.572 -06:00 [INF] Request finished HTTP/1.1 GET http://localhost:5024/_vs/browserLink - 200 null text/javascript; charset=UTF-8 775.2396ms
2024-04-01 22:09:24.334 -06:00 [INF] Request starting HTTP/1.1 GET http://localhost:5024/Nft - null null
2024-04-01 22:09:24.363 -06:00 [INF] Executing endpoint 'ProjectNFTs.Web.Controllers.NftController.Index (ProjectNFTs.Web)'
2024-04-01 22:09:24.614 -06:00 [INF] Route matched with {action = "Index", controller = "Nft"}. Executing controller action with signature System.Threading.Tasks.Task`1[Microsoft.AspNetCore.Mvc.IActionResult] Index() on controller ProjectNFTs.Web.Controllers.NftController (ProjectNFTs.Web).
2024-04-01 22:09:33.373 -06:00 [INF] Executed DbCommand (391ms) [Parameters=[], CommandType='"Text"', CommandTimeout='30']
SELECT [n].[Id], [n].[Autor], [n].[CantidadInventario], [n].[Imagen], [n].[Nombre], [n].[Valor]
FROM [NFT] AS [n]
2024-04-01 22:09:33.825 -06:00 [INF] Executing ViewResult, running view Index.
2024-04-01 22:09:36.725 -06:00 [INF] Executed ViewResult - view Index executed in 2901.9058ms.
2024-04-01 22:09:36.840 -06:00 [INF] Executed action ProjectNFTs.Web.Controllers.NftController.Index (ProjectNFTs.Web) in 12221.149ms
2024-04-01 22:09:37.138 -06:00 [INF] Request starting HTTP/1.1 GET http://localhost:5024/lib/jquery-validation/dist/jquery.validate.min.js - null null
2024-04-01 22:09:37.160 -06:00 [INF] Request starting HTTP/1.1 GET http://localhost:5024/_framework/aspnetcore-browser-refresh.js - null null
2024-04-01 22:09:37.168 -06:00 [INF] Request starting HTTP/1.1 GET http://localhost:5024/lib/jquery-validation-unobtrusive/jquery.validate.unobtrusive.min.js - null null
2024-04-01 22:09:37.217 -06:00 [INF] The file /lib/jquery-validation-unobtrusive/jquery.validate.unobtrusive.min.js was not modified
2024-04-01 22:09:37.201 -06:00 [INF] The file /lib/jquery-validation/dist/jquery.validate.min.js was not modified
2024-04-01 22:09:37.205 -06:00 [INF] Executed endpoint 'ProjectNFTs.Web.Controllers.NftController.Index (ProjectNFTs.Web)'
2024-04-01 22:09:37.207 -06:00 [INF] Request finished HTTP/1.1 GET http://localhost:5024/_framework/aspnetcore-browser-refresh.js - 200 13766 application/javascript; charset=utf-8 48.8367ms
2024-04-01 22:09:37.186 -06:00 [INF] Request starting HTTP/1.1 GET http://localhost:5024/_vs/browserLink - null null
2024-04-01 22:09:37.220 -06:00 [INF] Request finished HTTP/1.1 GET http://localhost:5024/lib/jquery-validation-unobtrusive/jquery.validate.unobtrusive.min.js - 304 null text/javascript 52.407ms
2024-04-01 22:09:37.224 -06:00 [INF] Request finished HTTP/1.1 GET http://localhost:5024/lib/jquery-validation/dist/jquery.validate.min.js - 304 null text/javascript 85.4234ms
2024-04-01 22:09:37.255 -06:00 [INF] Request finished HTTP/1.1 GET http://localhost:5024/Nft - 200 null text/html; charset=utf-8 12921.2871ms
2024-04-01 22:09:37.337 -06:00 [INF] Request finished HTTP/1.1 GET http://localhost:5024/_vs/browserLink - 200 null text/javascript; charset=UTF-8 151.349ms
2024-04-01 22:09:40.584 -06:00 [INF] Request starting HTTP/1.1 GET http://localhost:5024/Nft/Edit/029a2564-8301-4d47-98fc-661025fac583 - null null
2024-04-01 22:09:40.602 -06:00 [INF] Executing endpoint 'ProjectNFTs.Web.Controllers.NftController.Edit (ProjectNFTs.Web)'
2024-04-01 22:09:40.635 -06:00 [INF] Route matched with {action = "Edit", controller = "Nft"}. Executing controller action with signature System.Threading.Tasks.Task`1[Microsoft.AspNetCore.Mvc.IActionResult] Edit(System.Guid) on controller ProjectNFTs.Web.Controllers.NftController (ProjectNFTs.Web).
2024-04-01 22:09:41.273 -06:00 [INF] Executed DbCommand (172ms) [Parameters=[@__get_Item_0='029a2564-8301-4d47-98fc-661025fac583' (Nullable = true)], CommandType='"Text"', CommandTimeout='30']
SELECT TOP(1) [n].[Id], [n].[Autor], [n].[CantidadInventario], [n].[Imagen], [n].[Nombre], [n].[Valor]
FROM [NFT] AS [n]
WHERE [n].[Id] = @__get_Item_0
2024-04-01 22:09:41.446 -06:00 [INF] Executing ViewResult, running view Edit.
2024-04-01 22:09:41.564 -06:00 [INF] Executed ViewResult - view Edit executed in 119.7352ms.
2024-04-01 22:09:41.568 -06:00 [INF] Executed action ProjectNFTs.Web.Controllers.NftController.Edit (ProjectNFTs.Web) in 928.3736ms
2024-04-01 22:09:41.572 -06:00 [INF] Executed endpoint 'ProjectNFTs.Web.Controllers.NftController.Edit (ProjectNFTs.Web)'
2024-04-01 22:09:41.593 -06:00 [INF] Request finished HTTP/1.1 GET http://localhost:5024/Nft/Edit/029a2564-8301-4d47-98fc-661025fac583 - 200 null text/html; charset=utf-8 1009.3489ms
2024-04-01 22:09:41.670 -06:00 [INF] Request starting HTTP/1.1 GET http://localhost:5024/_framework/aspnetcore-browser-refresh.js - null null
2024-04-01 22:09:41.670 -06:00 [INF] Request starting HTTP/1.1 GET http://localhost:5024/_vs/browserLink - null null
2024-04-01 22:09:41.696 -06:00 [INF] Request finished HTTP/1.1 GET http://localhost:5024/_framework/aspnetcore-browser-refresh.js - 200 13766 application/javascript; charset=utf-8 25.2986ms
2024-04-01 22:09:41.705 -06:00 [INF] Request finished HTTP/1.1 GET http://localhost:5024/_vs/browserLink - 200 null text/javascript; charset=UTF-8 34.9062ms
2024-04-01 22:10:11.769 -06:00 [INF] Request starting HTTP/1.1 GET http://localhost:5024/Nft - null null
2024-04-01 22:10:11.786 -06:00 [INF] Executing endpoint 'ProjectNFTs.Web.Controllers.NftController.Index (ProjectNFTs.Web)'
2024-04-01 22:10:11.791 -06:00 [INF] Route matched with {action = "Index", controller = "Nft"}. Executing controller action with signature System.Threading.Tasks.Task`1[Microsoft.AspNetCore.Mvc.IActionResult] Index() on controller ProjectNFTs.Web.Controllers.NftController (ProjectNFTs.Web).
2024-04-01 22:10:11.838 -06:00 [INF] Executed DbCommand (2ms) [Parameters=[], CommandType='"Text"', CommandTimeout='30']
SELECT [n].[Id], [n].[Autor], [n].[CantidadInventario], [n].[Imagen], [n].[Nombre], [n].[Valor]
FROM [NFT] AS [n]
2024-04-01 22:10:11.852 -06:00 [INF] Executing ViewResult, running view Index.
2024-04-01 22:10:11.870 -06:00 [INF] Executed ViewResult - view Index executed in 18.4467ms.
2024-04-01 22:10:11.874 -06:00 [INF] Executed action ProjectNFTs.Web.Controllers.NftController.Index (ProjectNFTs.Web) in 78.5814ms
2024-04-01 22:10:11.901 -06:00 [INF] Executed endpoint 'ProjectNFTs.Web.Controllers.NftController.Index (ProjectNFTs.Web)'
2024-04-01 22:10:11.904 -06:00 [INF] Request finished HTTP/1.1 GET http://localhost:5024/Nft - 200 null text/html; charset=utf-8 134.336ms
2024-04-01 22:10:12.183 -06:00 [INF] Request starting HTTP/1.1 GET http://localhost:5024/_framework/aspnetcore-browser-refresh.js - null null
2024-04-01 22:10:12.184 -06:00 [INF] Request starting HTTP/1.1 GET http://localhost:5024/_vs/browserLink - null null
2024-04-01 22:10:12.205 -06:00 [INF] Request finished HTTP/1.1 GET http://localhost:5024/_framework/aspnetcore-browser-refresh.js - 200 13766 application/javascript; charset=utf-8 22.0435ms
2024-04-01 22:10:12.289 -06:00 [INF] Request finished HTTP/1.1 GET http://localhost:5024/_vs/browserLink - 200 null text/javascript; charset=UTF-8 105.2913ms
2024-04-01 22:10:14.402 -06:00 [INF] Request starting HTTP/1.1 GET http://localhost:5024/Nft/Edit/d253b51b-bc58-48eb-a1c3-d87ba61170c1 - null null
2024-04-01 22:10:14.423 -06:00 [INF] Executing endpoint 'ProjectNFTs.Web.Controllers.NftController.Edit (ProjectNFTs.Web)'
2024-04-01 22:10:14.432 -06:00 [INF] Route matched with {action = "Edit", controller = "Nft"}. Executing controller action with signature System.Threading.Tasks.Task`1[Microsoft.AspNetCore.Mvc.IActionResult] Edit(System.Guid) on controller ProjectNFTs.Web.Controllers.NftController (ProjectNFTs.Web).
2024-04-01 22:10:14.471 -06:00 [INF] Executed DbCommand (3ms) [Parameters=[@__get_Item_0='d253b51b-bc58-48eb-a1c3-d87ba61170c1' (Nullable = true)], CommandType='"Text"', CommandTimeout='30']
SELECT TOP(1) [n].[Id], [n].[Autor], [n].[CantidadInventario], [n].[Imagen], [n].[Nombre], [n].[Valor]
FROM [NFT] AS [n]
WHERE [n].[Id] = @__get_Item_0
2024-04-01 22:10:14.487 -06:00 [INF] Executing ViewResult, running view Edit.
2024-04-01 22:10:14.505 -06:00 [INF] Executed ViewResult - view Edit executed in 17.5952ms.
2024-04-01 22:10:14.533 -06:00 [INF] Executed action ProjectNFTs.Web.Controllers.NftController.Edit (ProjectNFTs.Web) in 93.8248ms
2024-04-01 22:10:14.536 -06:00 [INF] Executed endpoint 'ProjectNFTs.Web.Controllers.NftController.Edit (ProjectNFTs.Web)'
2024-04-01 22:10:14.540 -06:00 [INF] Request finished HTTP/1.1 GET http://localhost:5024/Nft/Edit/d253b51b-bc58-48eb-a1c3-d87ba61170c1 - 200 null text/html; charset=utf-8 138.306ms
2024-04-01 22:10:14.635 -06:00 [INF] Request starting HTTP/1.1 GET http://localhost:5024/_framework/aspnetcore-browser-refresh.js - null null
2024-04-01 22:10:14.635 -06:00 [INF] Request starting HTTP/1.1 GET http://localhost:5024/_vs/browserLink - null null
2024-04-01 22:10:14.670 -06:00 [INF] Request finished HTTP/1.1 GET http://localhost:5024/_framework/aspnetcore-browser-refresh.js - 200 13766 application/javascript; charset=utf-8 35.0456ms
2024-04-01 22:10:14.699 -06:00 [INF] Request finished HTTP/1.1 GET http://localhost:5024/_vs/browserLink - 200 null text/javascript; charset=UTF-8 64.5339ms
2024-04-01 22:10:21.180 -06:00 [INF] Request starting HTTP/1.1 GET http://localhost:5024/Nft - null null
2024-04-01 22:10:21.194 -06:00 [INF] Executing endpoint 'ProjectNFTs.Web.Controllers.NftController.Index (ProjectNFTs.Web)'
2024-04-01 22:10:21.196 -06:00 [INF] Route matched with {action = "Index", controller = "Nft"}. Executing controller action with signature System.Threading.Tasks.Task`1[Microsoft.AspNetCore.Mvc.IActionResult] Index() on controller ProjectNFTs.Web.Controllers.NftController (ProjectNFTs.Web).
2024-04-01 22:10:21.212 -06:00 [INF] Executed DbCommand (0ms) [Parameters=[], CommandType='"Text"', CommandTimeout='30']
SELECT [n].[Id], [n].[Autor], [n].[CantidadInventario], [n].[Imagen], [n].[Nombre], [n].[Valor]
FROM [NFT] AS [n]
2024-04-01 22:10:21.230 -06:00 [INF] Executing ViewResult, running view Index.
2024-04-01 22:10:21.260 -06:00 [INF] Executed ViewResult - view Index executed in 30.9284ms.
2024-04-01 22:10:21.401 -06:00 [INF] Executed action ProjectNFTs.Web.Controllers.NftController.Index (ProjectNFTs.Web) in 199.2621ms
2024-04-01 22:10:21.605 -06:00 [INF] Executed endpoint 'ProjectNFTs.Web.Controllers.NftController.Index (ProjectNFTs.Web)'
2024-04-01 22:10:21.699 -06:00 [INF] Request finished HTTP/1.1 GET http://localhost:5024/Nft - 200 null text/html; charset=utf-8 519.1013ms
2024-04-01 22:10:21.885 -06:00 [INF] Request starting HTTP/1.1 GET http://localhost:5024/_vs/browserLink - null null
2024-04-01 22:10:21.959 -06:00 [INF] Request starting HTTP/1.1 GET http://localhost:5024/_framework/aspnetcore-browser-refresh.js - null null
2024-04-01 22:10:21.981 -06:00 [INF] Request finished HTTP/1.1 GET http://localhost:5024/_framework/aspnetcore-browser-refresh.js - 200 13766 application/javascript; charset=utf-8 22.2306ms
2024-04-01 22:10:22.073 -06:00 [INF] Request finished HTTP/1.1 GET http://localhost:5024/_vs/browserLink - 200 null text/javascript; charset=UTF-8 188.171ms
2024-04-01 22:10:33.786 -06:00 [INF] Request starting HTTP/1.1 GET http://localhost:5024/Nft/_Details/d253b51b-bc58-48eb-a1c3-d87ba61170c1?X-Requested-With=XMLHttpRequest&_=1712031021667 - null null
2024-04-01 22:10:33.797 -06:00 [INF] Executing endpoint 'ProjectNFTs.Web.Controllers.NftController._Details (ProjectNFTs.Web)'
2024-04-01 22:10:33.805 -06:00 [INF] Route matched with {action = "_Details", controller = "Nft"}. Executing controller action with signature System.Threading.Tasks.Task`1[Microsoft.AspNetCore.Mvc.IActionResult] _Details(System.Guid) on controller ProjectNFTs.Web.Controllers.NftController (ProjectNFTs.Web).
2024-04-01 22:10:33.829 -06:00 [INF] Executed DbCommand (0ms) [Parameters=[@__get_Item_0='d253b51b-bc58-48eb-a1c3-d87ba61170c1' (Nullable = true)], CommandType='"Text"', CommandTimeout='30']
SELECT TOP(1) [n].[Id], [n].[Autor], [n].[CantidadInventario], [n].[Imagen], [n].[Nombre], [n].[Valor]
FROM [NFT] AS [n]
WHERE [n].[Id] = @__get_Item_0
2024-04-01 22:10:33.835 -06:00 [INF] Executing ViewResult, running view _Details.
2024-04-01 22:10:33.871 -06:00 [INF] Executed action ProjectNFTs.Web.Controllers.NftController._Details (ProjectNFTs.Web) in 53.588ms
2024-04-01 22:10:33.878 -06:00 [INF] Executed endpoint 'ProjectNFTs.Web.Controllers.NftController._Details (ProjectNFTs.Web)'
2024-04-01 22:10:34.351 -06:00 [INF] Request finished HTTP/1.1 GET http://localhost:5024/Nft/_Details/d253b51b-bc58-48eb-a1c3-d87ba61170c1?X-Requested-With=XMLHttpRequest&_=1712031021667 - 302 0 null 565.1463ms
2024-04-01 22:10:34.366 -06:00 [INF] Request starting HTTP/1.1 GET http://localhost:5024/Home/ErrorHandler?messagesJson={%22Path%22:%22\%22/Nft/_Details/d253b51b-bc58-48eb-a1c3-d87ba61170c1\%22%22,%22ListMessages%22:[%22The%20view%20%27_Details%27%20was%20not%20found.%20The%20following%20locations%20were%20searched:\r\n/Views/Nft/_Details.cshtml\r\n/Views/Shared/_Details.cshtml%22],%22IdEvent%22:%223917-240401101034%22} - null null
2024-04-01 22:10:34.418 -06:00 [INF] Request finished HTTP/1.1 GET http://localhost:5024/Home/ErrorHandler?messagesJson={%22Path%22:%22\%22/Nft/_Details/d253b51b-bc58-48eb-a1c3-d87ba61170c1\%22%22,%22ListMessages%22:[%22The%20view%20%27_Details%27%20was%20not%20found.%20The%20following%20locations%20were%20searched:\r\n/Views/Nft/_Details.cshtml\r\n/Views/Shared/_Details.cshtml%22],%22IdEvent%22:%223917-240401101034%22} - 404 0 null 51.8695ms
2024-04-01 22:10:34.467 -06:00 [INF] Request reached the end of the middleware pipeline without being handled by application code. Request path: GET http://localhost:5024/Home/ErrorHandler, Response status code: 404
2024-04-01 22:10:38.594 -06:00 [INF] Request starting HTTP/1.1 GET http://localhost:5024/Nft/_Details/d253b51b-bc58-48eb-a1c3-d87ba61170c1?X-Requested-With=XMLHttpRequest&_=1712031021668 - null null
2024-04-01 22:10:38.600 -06:00 [INF] Executing endpoint 'ProjectNFTs.Web.Controllers.NftController._Details (ProjectNFTs.Web)'
2024-04-01 22:10:38.602 -06:00 [INF] Route matched with {action = "_Details", controller = "Nft"}. Executing controller action with signature System.Threading.Tasks.Task`1[Microsoft.AspNetCore.Mvc.IActionResult] _Details(System.Guid) on controller ProjectNFTs.Web.Controllers.NftController (ProjectNFTs.Web).
2024-04-01 22:10:38.615 -06:00 [INF] Executed DbCommand (1ms) [Parameters=[@__get_Item_0='d253b51b-bc58-48eb-a1c3-d87ba61170c1' (Nullable = true)], CommandType='"Text"', CommandTimeout='30']
SELECT TOP(1) [n].[Id], [n].[Autor], [n].[CantidadInventario], [n].[Imagen], [n].[Nombre], [n].[Valor]
FROM [NFT] AS [n]
WHERE [n].[Id] = @__get_Item_0
2024-04-01 22:10:38.626 -06:00 [INF] Executing ViewResult, running view _Details.
2024-04-01 22:10:38.633 -06:00 [INF] Executed action ProjectNFTs.Web.Controllers.NftController._Details (ProjectNFTs.Web) in 21.7055ms
2024-04-01 22:10:38.639 -06:00 [INF] Executed endpoint 'ProjectNFTs.Web.Controllers.NftController._Details (ProjectNFTs.Web)'
2024-04-01 22:10:38.731 -06:00 [INF] Request finished HTTP/1.1 GET http://localhost:5024/Nft/_Details/d253b51b-bc58-48eb-a1c3-d87ba61170c1?X-Requested-With=XMLHttpRequest&_=1712031021668 - 302 0 null 136.784ms
2024-04-01 22:10:38.739 -06:00 [INF] Request starting HTTP/1.1 GET http://localhost:5024/Home/ErrorHandler?messagesJson={%22Path%22:%22\%22/Nft/_Details/d253b51b-bc58-48eb-a1c3-d87ba61170c1\%22%22,%22ListMessages%22:[%22The%20view%20%27_Details%27%20was%20not%20found.%20The%20following%20locations%20were%20searched:\r\n/Views/Nft/_Details.cshtml\r\n/Views/Shared/_Details.cshtml%22],%22IdEvent%22:%222788-240401101038%22} - null null
2024-04-01 22:10:38.753 -06:00 [INF] Request finished HTTP/1.1 GET http://localhost:5024/Home/ErrorHandler?messagesJson={%22Path%22:%22\%22/Nft/_Details/d253b51b-bc58-48eb-a1c3-d87ba61170c1\%22%22,%22ListMessages%22:[%22The%20view%20%27_Details%27%20was%20not%20found.%20The%20following%20locations%20were%20searched:\r\n/Views/Nft/_Details.cshtml\r\n/Views/Shared/_Details.cshtml%22],%22IdEvent%22:%222788-240401101038%22} - 404 0 null 14.0577ms
2024-04-01 22:10:38.771 -06:00 [INF] Request reached the end of the middleware pipeline without being handled by application code. Request path: GET http://localhost:5024/Home/ErrorHandler, Response status code: 404
2024-04-01 22:10:50.555 -06:00 [INF] Request starting HTTP/1.1 POST http://localhost:5024/Nft/DeleteConfirm?id=d253b51b-bc58-48eb-a1c3-d87ba61170c1 - null 0
2024-04-01 22:10:50.573 -06:00 [INF] Executing endpoint 'ProjectNFTs.Web.Controllers.NftController.DeleteConfirm (ProjectNFTs.Web)'
2024-04-01 22:10:50.605 -06:00 [INF] Route matched with {action = "DeleteConfirm", controller = "Nft"}. Executing controller action with signature System.Threading.Tasks.Task`1[Microsoft.AspNetCore.Mvc.IActionResult] DeleteConfirm(System.Guid) on controller ProjectNFTs.Web.Controllers.NftController (ProjectNFTs.Web).
2024-04-01 22:10:50.684 -06:00 [INF] Executed DbCommand (19ms) [Parameters=[@p0='d253b51b-bc58-48eb-a1c3-d87ba61170c1'], CommandType='"Text"', CommandTimeout='30']
Delete Nft Where Id = @p0
2024-04-01 22:10:50.697 -06:00 [INF] Executing RedirectResult, redirecting to /Nft.
2024-04-01 22:10:50.700 -06:00 [INF] Executed action ProjectNFTs.Web.Controllers.NftController.DeleteConfirm (ProjectNFTs.Web) in 80.367ms
2024-04-01 22:10:50.702 -06:00 [INF] Executed endpoint 'ProjectNFTs.Web.Controllers.NftController.DeleteConfirm (ProjectNFTs.Web)'
2024-04-01 22:10:50.704 -06:00 [INF] Request finished HTTP/1.1 POST http://localhost:5024/Nft/DeleteConfirm?id=d253b51b-bc58-48eb-a1c3-d87ba61170c1 - 302 0 null 148.5793ms
2024-04-01 22:10:50.722 -06:00 [INF] Request starting HTTP/1.1 GET http://localhost:5024/Nft - null null
2024-04-01 22:10:50.729 -06:00 [INF] Executing endpoint 'ProjectNFTs.Web.Controllers.NftController.Index (ProjectNFTs.Web)'
2024-04-01 22:10:50.732 -06:00 [INF] Route matched with {action = "Index", controller = "Nft"}. Executing controller action with signature System.Threading.Tasks.Task`1[Microsoft.AspNetCore.Mvc.IActionResult] Index() on controller ProjectNFTs.Web.Controllers.NftController (ProjectNFTs.Web).
2024-04-01 22:10:50.739 -06:00 [INF] Executed DbCommand (0ms) [Parameters=[], CommandType='"Text"', CommandTimeout='30']
SELECT [n].[Id], [n].[Autor], [n].[CantidadInventario], [n].[Imagen], [n].[Nombre], [n].[Valor]
FROM [NFT] AS [n]
2024-04-01 22:10:50.798 -06:00 [INF] Executing ViewResult, running view Index.
2024-04-01 22:10:50.852 -06:00 [INF] Executed ViewResult - view Index executed in 54.4119ms.
2024-04-01 22:10:50.866 -06:00 [INF] Executed action ProjectNFTs.Web.Controllers.NftController.Index (ProjectNFTs.Web) in 130.5863ms
2024-04-01 22:10:50.869 -06:00 [INF] Executed endpoint 'ProjectNFTs.Web.Controllers.NftController.Index (ProjectNFTs.Web)'
2024-04-01 22:10:50.871 -06:00 [INF] Request finished HTTP/1.1 GET http://localhost:5024/Nft - 200 null text/html; charset=utf-8 149.0151ms
2024-04-01 22:10:53.415 -06:00 [INF] Request starting HTTP/1.1 GET http://localhost:5024/Nft - null null
2024-04-01 22:10:53.425 -06:00 [INF] Executing endpoint 'ProjectNFTs.Web.Controllers.NftController.Index (ProjectNFTs.Web)'
2024-04-01 22:10:53.429 -06:00 [INF] Route matched with {action = "Index", controller = "Nft"}. Executing controller action with signature System.Threading.Tasks.Task`1[Microsoft.AspNetCore.Mvc.IActionResult] Index() on controller ProjectNFTs.Web.Controllers.NftController (ProjectNFTs.Web).
2024-04-01 22:10:53.434 -06:00 [INF] Executed DbCommand (0ms) [Parameters=[], CommandType='"Text"', CommandTimeout='30']
SELECT [n].[Id], [n].[Autor], [n].[CantidadInventario], [n].[Imagen], [n].[Nombre], [n].[Valor]
FROM [NFT] AS [n]
2024-04-01 22:10:53.449 -06:00 [INF] Executing ViewResult, running view Index.
2024-04-01 22:10:53.460 -06:00 [INF] Executed ViewResult - view Index executed in 11.2212ms.
2024-04-01 22:10:53.464 -06:00 [INF] Executed action ProjectNFTs.Web.Controllers.NftController.Index (ProjectNFTs.Web) in 30.8569ms
2024-04-01 22:10:53.493 -06:00 [INF] Executed endpoint 'ProjectNFTs.Web.Controllers.NftController.Index (ProjectNFTs.Web)'
2024-04-01 22:10:53.498 -06:00 [INF] Request finished HTTP/1.1 GET http://localhost:5024/Nft - 200 null text/html; charset=utf-8 82.7982ms
2024-04-01 22:10:53.571 -06:00 [INF] Request starting HTTP/1.1 GET http://localhost:5024/Nft - null null
2024-04-01 22:10:53.585 -06:00 [INF] Request starting HTTP/1.1 GET http://localhost:5024/_framework/aspnetcore-browser-refresh.js - null null
2024-04-01 22:10:53.598 -06:00 [INF] Request starting HTTP/1.1 GET http://localhost:5024/_vs/browserLink - null null
2024-04-01 22:10:53.626 -06:00 [INF] Request finished HTTP/1.1 GET http://localhost:5024/_framework/aspnetcore-browser-refresh.js - 200 13766 application/javascript; charset=utf-8 40.9695ms
2024-04-01 22:10:53.632 -06:00 [INF] Executing endpoint 'ProjectNFTs.Web.Controllers.NftController.Index (ProjectNFTs.Web)'
2024-04-01 22:10:53.660 -06:00 [INF] Route matched with {action = "Index", controller = "Nft"}. Executing controller action with signature System.Threading.Tasks.Task`1[Microsoft.AspNetCore.Mvc.IActionResult] Index() on controller ProjectNFTs.Web.Controllers.NftController (ProjectNFTs.Web).
2024-04-01 22:10:53.700 -06:00 [INF] Executed DbCommand (26ms) [Parameters=[], CommandType='"Text"', CommandTimeout='30']
SELECT [n].[Id], [n].[Autor], [n].[CantidadInventario], [n].[Imagen], [n].[Nombre], [n].[Valor]
FROM [NFT] AS [n]
2024-04-01 22:10:53.702 -06:00 [INF] Request finished HTTP/1.1 GET http://localhost:5024/_vs/browserLink - 200 null text/javascript; charset=UTF-8 103.6433ms
2024-04-01 22:10:53.813 -06:00 [INF] Executing ViewResult, running view Index.
2024-04-01 22:10:53.830 -06:00 [INF] Executed ViewResult - view Index executed in 16.7005ms.
2024-04-01 22:10:53.833 -06:00 [INF] Executed action ProjectNFTs.Web.Controllers.NftController.Index (ProjectNFTs.Web) in 163.7611ms
2024-04-01 22:10:53.838 -06:00 [INF] Executed endpoint 'ProjectNFTs.Web.Controllers.NftController.Index (ProjectNFTs.Web)'
2024-04-01 22:10:53.845 -06:00 [INF] Request finished HTTP/1.1 GET http://localhost:5024/Nft - 200 null text/html; charset=utf-8 274.7033ms
2024-04-01 22:10:53.930 -06:00 [INF] Request starting HTTP/1.1 GET http://localhost:5024/_framework/aspnetcore-browser-refresh.js - null null
2024-04-01 22:10:53.930 -06:00 [INF] Request starting HTTP/1.1 GET http://localhost:5024/_vs/browserLink - null null
2024-04-01 22:10:53.971 -06:00 [INF] Request finished HTTP/1.1 GET http://localhost:5024/_framework/aspnetcore-browser-refresh.js - 200 13766 application/javascript; charset=utf-8 19.9767ms
2024-04-01 22:10:53.994 -06:00 [INF] Request finished HTTP/1.1 GET http://localhost:5024/_vs/browserLink - 200 null text/javascript; charset=UTF-8 63.723ms
2024-04-01 22:10:54.173 -06:00 [INF] Request starting HTTP/1.1 GET http://localhost:5024/favicon.ico - null null
2024-04-01 22:10:54.181 -06:00 [INF] The file /favicon.ico was not modified
2024-04-01 22:10:54.197 -06:00 [INF] Request finished HTTP/1.1 GET http://localhost:5024/favicon.ico - 304 null image/x-icon 24.4948ms
2024-04-01 22:10:55.228 -06:00 [INF] Request starting HTTP/1.1 GET http://localhost:5024/Nft/_Details/029a2564-8301-4d47-98fc-661025fac583?X-Requested-With=XMLHttpRequest&_=1712031054060 - null null
2024-04-01 22:10:55.235 -06:00 [INF] Executing endpoint 'ProjectNFTs.Web.Controllers.NftController._Details (ProjectNFTs.Web)'
2024-04-01 22:10:55.239 -06:00 [INF] Route matched with {action = "_Details", controller = "Nft"}. Executing controller action with signature System.Threading.Tasks.Task`1[Microsoft.AspNetCore.Mvc.IActionResult] _Details(System.Guid) on controller ProjectNFTs.Web.Controllers.NftController (ProjectNFTs.Web).
2024-04-01 22:10:55.250 -06:00 [INF] Executed DbCommand (1ms) [Parameters=[@__get_Item_0='029a2564-8301-4d47-98fc-661025fac583' (Nullable = true)], CommandType='"Text"', CommandTimeout='30']
SELECT TOP(1) [n].[Id], [n].[Autor], [n].[CantidadInventario], [n].[Imagen], [n].[Nombre], [n].[Valor]
FROM [NFT] AS [n]
WHERE [n].[Id] = @__get_Item_0
2024-04-01 22:10:55.260 -06:00 [INF] Executing ViewResult, running view _Details.
2024-04-01 22:10:55.268 -06:00 [INF] Executed action ProjectNFTs.Web.Controllers.NftController._Details (ProjectNFTs.Web) in 22.5107ms
2024-04-01 22:10:55.273 -06:00 [INF] Executed endpoint 'ProjectNFTs.Web.Controllers.NftController._Details (ProjectNFTs.Web)'
2024-04-01 22:10:55.291 -06:00 [INF] Request finished HTTP/1.1 GET http://localhost:5024/Nft/_Details/029a2564-8301-4d47-98fc-661025fac583?X-Requested-With=XMLHttpRequest&_=1712031054060 - 302 0 null 62.4518ms
2024-04-01 22:10:55.298 -06:00 [INF] Request starting HTTP/1.1 GET http://localhost:5024/Home/ErrorHandler?messagesJson={%22Path%22:%22\%22/Nft/_Details/029a2564-8301-4d47-98fc-661025fac583\%22%22,%22ListMessages%22:[%22The%20view%20%27_Details%27%20was%20not%20found.%20The%20following%20locations%20were%20searched:\r\n/Views/Nft/_Details.cshtml\r\n/Views/Shared/_Details.cshtml%22],%22IdEvent%22:%221939-240401101055%22} - null null
2024-04-01 22:10:55.305 -06:00 [INF] Request finished HTTP/1.1 GET http://localhost:5024/Home/ErrorHandler?messagesJson={%22Path%22:%22\%22/Nft/_Details/029a2564-8301-4d47-98fc-661025fac583\%22%22,%22ListMessages%22:[%22The%20view%20%27_Details%27%20was%20not%20found.%20The%20following%20locations%20were%20searched:\r\n/Views/Nft/_Details.cshtml\r\n/Views/Shared/_Details.cshtml%22],%22IdEvent%22:%221939-240401101055%22} - 404 0 null 6.5518ms
2024-04-01 22:10:55.321 -06:00 [INF] Request reached the end of the middleware pipeline without being handled by application code. Request path: GET http://localhost:5024/Home/ErrorHandler, Response status code: 404
