2024-04-08 13:56:47.622 -06:00 [WRN] Failed to determine the https port for redirect.
2024-04-08 13:56:56.327 -06:00 [WRN] Sensitive data logging is enabled. Log entries and exception messages may include sensitive application data; this mode should only be enabled during development.
2024-04-08 14:38:32.359 -06:00 [WRN] Failed to determine the https port for redirect.
2024-04-08 14:38:38.378 -06:00 [WRN] Sensitive data logging is enabled. Log entries and exception messages may include sensitive application data; this mode should only be enabled during development.
2024-04-08 14:43:34.281 -06:00 [WRN] Failed to determine the https port for redirect.
2024-04-08 14:43:42.732 -06:00 [WRN] Sensitive data logging is enabled. Log entries and exception messages may include sensitive application data; this mode should only be enabled during development.
2024-04-08 14:47:09.199 -06:00 [WRN] Failed to determine the https port for redirect.
2024-04-08 14:47:17.529 -06:00 [WRN] Sensitive data logging is enabled. Log entries and exception messages may include sensitive application data; this mode should only be enabled during development.
2024-04-08 15:17:22.175 -06:00 [WRN] Failed to determine the https port for redirect.
2024-04-08 15:17:30.507 -06:00 [WRN] Sensitive data logging is enabled. Log entries and exception messages may include sensitive application data; this mode should only be enabled during development.
2024-04-08 17:08:12.578 -06:00 [WRN] Failed to determine the https port for redirect.
2024-04-08 17:09:03.956 -06:00 [WRN] Sensitive data logging is enabled. Log entries and exception messages may include sensitive application data; this mode should only be enabled during development.
2024-04-08 17:44:05.903 -06:00 [WRN] The temp data cookie .AspNetCore.Mvc.CookieTempDataProvider could not be loaded.
System.Security.Cryptography.CryptographicException: The payload was invalid. For more information go to https://aka.ms/aspnet/dataprotectionwarning
   at Microsoft.AspNetCore.DataProtection.Cng.CbcAuthenticatedEncryptor.DecryptImpl(Byte* pbCiphertext, UInt32 cbCiphertext, Byte* pbAdditionalAuthenticatedData, UInt32 cbAdditionalAuthenticatedData)
   at Microsoft.AspNetCore.DataProtection.Cng.Internal.CngAuthenticatedEncryptorBase.Decrypt(ArraySegment`1 ciphertext, ArraySegment`1 additionalAuthenticatedData)
   at Microsoft.AspNetCore.DataProtection.KeyManagement.KeyRingBasedDataProtector.UnprotectCore(Byte[] protectedData, Boolean allowOperationsOnRevokedKeys, UnprotectStatus& status)
   at Microsoft.AspNetCore.DataProtection.KeyManagement.KeyRingBasedDataProtector.Unprotect(Byte[] protectedData)
   at Microsoft.AspNetCore.Mvc.ViewFeatures.CookieTempDataProvider.LoadTempData(HttpContext context)
2024-04-08 20:33:39.930 -06:00 [WRN] Failed to determine the https port for redirect.
2024-04-08 20:44:27.564 -06:00 [WRN] Sensitive data logging is enabled. Log entries and exception messages may include sensitive application data; this mode should only be enabled during development.
